cityfood/build/app/outputs/mapping/release/seeds.txt
com.example.cityfood.MainActivity
com.example.cityfood.MainActivity: MainActivity()
...
kotlin.jvm.internal.CallableReference: java.lang.Object callBy(java.util.Map)
androidx.window.embedding.ExtensionEmbeddingBackend: androidx.window.embedding.EmbeddingInterfaceCompat getEmbeddingExtension()
kotlin.jvm.internal.FunctionReference: int hashCode()
androidx.core.view.WindowInsetsCompat$Impl: boolean equals(java.lang.Object)
androidx.window.embedding.EmbeddingAdapter: boolean translateActivityIntentPredicates$lambda-3(androidx.window.embedding.EmbeddingAdapter,java.util.Set,android.util.Pair)
io.flutter.view.TextureRegistry$SurfaceProducer: void release()
io.flutter.embedding.engine.FlutterJNI: void nativeRegisterImageTexture(long,long,java.lang.ref.WeakReference)
androidx.window.layout.HardwareFoldingFeature$Companion: HardwareFoldingFeature$Companion(kotlin.jvm.internal.DefaultConstructorMarker)
androidx.window.core.Version: int hashCode()
androidx.core.content.ContextCompat$Api19Impl: java.io.File[] getObbDirs(android.content.Context)
androidx.window.embedding.SplitInfo: java.lang.String toString()
androidx.profileinstaller.FileSectionType: androidx.profileinstaller.FileSectionType valueOf(java.lang.String)
io.flutter.embedding.engine.FlutterJNI: java.lang.String[] computePlatformResolvedLocale(java.lang.String[])
io.flutter.embedding.engine.FlutterJNI: void nativeRunBundleAndSnapshotFromLibrary(long,java.lang.String,java.lang.String,java.lang.String,android.content.res.AssetManager,java.util.List)
androidx.activity.ComponentActivity$Api33Impl: android.window.OnBackInvokedDispatcher getOnBackInvokedDispatcher(android.app.Activity)
io.flutter.embedding.engine.FlutterJNI: void detachFromNativeAndReleaseResources()
androidx.core.graphics.drawable.IconCompat$Api26Impl: android.graphics.drawable.Drawable createAdaptiveIconDrawable(android.graphics.drawable.Drawable,android.graphics.drawable.Drawable)
androidx.core.view.WindowInsetsCompat$BuilderImpl29: androidx.core.view.WindowInsetsCompat build()
io.flutter.embedding.engine.FlutterJNI: void onRenderingStopped()
io.flutter.view.FlutterCallbackInformation: io.flutter.view.FlutterCallbackInformation lookupCallbackInformation(long)
io.flutter.embedding.engine.renderer.FlutterRenderer$ImageReaderSurfaceProducer: android.media.Image acquireLatestImage()
kotlin.jvm.internal.FunctionReference: FunctionReference(int)
androidx.window.layout.WindowMetricsCalculatorCompat: android.graphics.Point getRealSizeForDisplay$window_release(android.view.Display)
io.flutter.embedding.engine.FlutterJNI: boolean isCodePointEmojiModifierBase(int)
kotlin.jvm.internal.FunctionReference: boolean isSuspend()
androidx.window.embedding.ActivityRule: int hashCode()
androidx.core.view.ViewCompat$Api28Impl: java.lang.Object requireViewById(android.view.View,int)
androidx.window.embedding.ActivityStack: ActivityStack(java.util.List,boolean,int,kotlin.jvm.internal.DefaultConstructorMarker)
androidx.window.embedding.ExtensionEmbeddingBackend$EmbeddingCallbackImpl: void setLastInfo(java.util.List)
io.flutter.plugin.editing.ImeSyncDeferringInsetsCallback: android.view.View$OnApplyWindowInsetsListener getInsetsListener()
io.flutter.embedding.engine.mutatorsstack.FlutterMutatorsStack: void pushTransform(float[])
androidx.window.layout.SidecarWindowBackend$WindowLayoutChangeCallbackWrapper: SidecarWindowBackend$WindowLayoutChangeCallbackWrapper(android.app.Activity,java.util.concurrent.Executor,androidx.core.util.Consumer)
io.flutter.embedding.engine.systemchannels.PlatformChannel$ClipboardContentFormat: io.flutter.embedding.engine.systemchannels.PlatformChannel$ClipboardContentFormat[] values()
kotlinx.coroutines.android.AndroidDispatcherFactory: AndroidDispatcherFactory()
androidx.core.view.DisplayCutoutCompat$Api28Impl: java.util.List getBoundingRects(android.view.DisplayCutout)
io.flutter.plugins.GeneratedPluginRegistrant: void registerWith(io.flutter.embedding.engine.FlutterEngine)