cityfood/build/app/outputs/mapping/release/mapping.txt
# compiler: R8
# compiler_version: 3.3.83
# min_api: 19
# common_typos_disable
# {"id":"com.android.tools.r8.mapping","version":"2.0"}
# pg_map_id: 05e8d13
# pg_map_hash: SHA-256 05e8d1382caaf7316c8308af9a4cdf194b8bf0a2d7ce625ba11ad409105a203a
...
androidx.savedstate.SavedStateRegistry -> j.b:
androidx.savedstate.SavedStateRegistryOwner -> j.c:
    androidx.savedstate.SavedStateRegistry getSavedStateRegistry() -> l
androidx.savedstate.ViewTreeSavedStateRegistryOwner -> j.d:
    void set(android.view.View,androidx.savedstate.SavedStateRegistryOwner) -> a
androidx.startup.AppInitializer -> androidx.startup.a:
    java.util.Map mInitialized -> a
    android.content.Context mContext -> c
    java.lang.Object sLock -> e
    java.util.Set mDiscovered -> b
    androidx.startup.AppInitializer sInstance -> d
    void discoverAndInitialize() -> a
    void discoverAndInitialize(android.os.Bundle) -> b
    java.lang.Object doInitialize(java.lang.Class,java.util.Set) -> c
    androidx.startup.AppInitializer getInstance(android.content.Context) -> d
androidx.startup.Initializer -> k.a:
    java.util.List dependencies() -> a
    java.lang.Object create(android.content.Context) -> b
androidx.startup.R$string -> k.b:
    int androidx_startup -> a
androidx.startup.StartupException -> k.c:
androidx.tracing.Trace -> l.b:
    java.lang.reflect.Method sAsyncTraceBeginMethod -> c
    long sTraceTagApp -> a
    java.lang.reflect.Method sAsyncTraceEndMethod -> d
    java.lang.reflect.Method sIsTagEnabledMethod -> b
    void beginAsyncSection(java.lang.String,int) -> a
    void beginAsyncSectionFallback(java.lang.String,int) -> b
    void beginSection(java.lang.String) -> c
    void endAsyncSection(java.lang.String,int) -> d
    void endAsyncSectionFallback(java.lang.String,int) -> e
    void endSection() -> f
    void handleException(java.lang.String,java.lang.Exception) -> g
    boolean isEnabled() -> h
    boolean isEnabledFallback() -> i
androidx.tracing.Trace$$ExternalSyntheticApiModelOutline0 -> l.a:
# {"id":"sourceFile","fileName":"R8$$SyntheticClass"}
# {"id":"com.android.tools.r8.synthesized"}
    boolean androidx.tracing.Trace$$InternalSyntheticApiModelOutline$1$9fd8ec1313d24621ee44530f6533361e5a5e5f72cd46afcc9711b1d3eb4c656e$0.m() -> a
      # {"id":"com.android.tools.r8.synthesized"}
androidx.tracing.TraceApi18Impl -> l.c:
    void beginSection(java.lang.String) -> a
    void endSection() -> b
androidx.tracing.TraceApi29Impl -> l.f:
    void beginAsyncSection(java.lang.String,int) -> a
    void endAsyncSection(java.lang.String,int) -> b
androidx.tracing.TraceApi29Impl$$ExternalSyntheticApiModelOutline0 -> l.d:
# {"id":"sourceFile","fileName":"R8$$SyntheticClass"}
# {"id":"com.android.tools.r8.synthesized"}
    void androidx.tracing.TraceApi29Impl$$InternalSyntheticApiModelOutline$2$16615463370c33c889dece8bc1f667014e7637c012dc10ae4313f827214aaa93$0.m(java.lang.String,int) -> a
      # {"id":"com.android.tools.r8.synthesized"}
androidx.tracing.TraceApi29Impl$$ExternalSyntheticApiModelOutline1 -> l.e:
# {"id":"sourceFile","fileName":"R8$$SyntheticClass"}
# {"id":"com.android.tools.r8.synthesized"}
    void androidx.tracing.TraceApi29Impl$$InternalSyntheticApiModelOutline$2$4296fdf97ab3dcbcc535302939e54b2392e1b901a2df7b4127985a514deddfa2$0.m(java.lang.String,int) -> a
      # {"id":"com.android.tools.r8.synthesized"}
androidx.versionedparcelable.ParcelImpl -> androidx.versionedparcelable.ParcelImpl:
    androidx.versionedparcelable.VersionedParcelable mParcel -> d
androidx.versionedparcelable.ParcelImpl$1 -> androidx.versionedparcelable.ParcelImpl$a:
    androidx.versionedparcelable.ParcelImpl createFromParcel(android.os.Parcel) -> a
    androidx.versionedparcelable.ParcelImpl[] newArray(int) -> b