cityfood/build/app/outputs/mapping/release/usage.txt
com.example.cityfood.BuildConfig
com.example.cityfood.R$attr
com.example.cityfood.R$color
com.example.cityfood.R$dimen
com.example.cityfood.R$drawable
com.example.cityfood.R$id
com.example.cityfood.R$integer
com.example.cityfood.R$layout
com.example.cityfood.R$mipmap
com.example.cityfood.R$string
com.example.cityfood.R$style
com.example.cityfood.R$styleable
com.example.cityfood.R$xml
com.example.cityfood.R
...
kotlin.collections.ArraysKt:
    public static synthetic bridge java.util.List sortedWith(java.lang.Object[],java.util.Comparator)
kotlin.collections.ArraysKt___ArraysJvmKt:
    public static final void sortWith(java.lang.Object[],java.util.Comparator)
kotlin.collections.ArraysKt___ArraysKt:
    public static final java.lang.Object[] sortedArrayWith(java.lang.Object[],java.util.Comparator)
    public static java.util.List sortedWith(java.lang.Object[],java.util.Comparator)
kotlin.collections.CollectionsKt:
    public static synthetic bridge java.lang.Object firstOrNull(java.util.List)
kotlin.collections.CollectionsKt___CollectionsKt:
    public static java.lang.Object firstOrNull(java.util.List)
kotlin.comparisons.ComparisonsKt
kotlin.comparisons.ComparisonsKt__ComparisonsKt
kotlin.comparisons.ComparisonsKt___ComparisonsJvmKt
kotlin.comparisons.ComparisonsKt___ComparisonsKt
kotlin.coroutines.jvm.internal.CoroutineStackFrame:
    public abstract java.lang.StackTraceElement getStackTraceElement()
kotlin.jvm.JvmClassMappingKt:
    public static final kotlin.reflect.KClass getKotlinClass(java.lang.Class)
kotlin.random.AbstractPlatformRandom:
    public int nextBits(int)
kotlin.random.Random$Default:
    public int nextBits(int)
kotlin.random.Random:
    public abstract int nextBits(int)
kotlin.random.RandomKt
kotlin.text.CharsKt
kotlinx.coroutines.AbstractTimeSource:
    public abstract long nanoTime()
    public abstract void parkNanos(java.lang.Object,long)
    public abstract void registerTimeLoopThread()
    public abstract void trackTask()
    public abstract void unTrackTask()
    public abstract void unpark(java.lang.Thread)
    public abstract void unregisterTimeLoopThread()
    public abstract java.lang.Runnable wrapTask(java.lang.Runnable)
kotlinx.coroutines.AbstractTimeSourceKt:
    private static kotlinx.coroutines.AbstractTimeSource timeSource
kotlinx.coroutines.CancellableContinuationImpl:
    public java.lang.StackTraceElement getStackTraceElement()
kotlinx.coroutines.CopyableThrowable
kotlinx.coroutines.CoroutineId$$InternalSyntheticBackport$1$88b55f898e619a095cc84362698f8c48db09cb4c6a8de7e7316829eafb79037d$0
kotlinx.coroutines.CoroutineId$Key
kotlinx.coroutines.CoroutineId
kotlinx.coroutines.CoroutineName$Key
kotlinx.coroutines.CoroutineName
kotlinx.coroutines.DebugKt
kotlinx.coroutines.JobCancellationException:
    public synthetic bridge java.lang.Throwable createCopy()
    public kotlinx.coroutines.JobCancellationException createCopy()
kotlinx.coroutines.NodeList:
    public final java.lang.String getString(java.lang.String)
kotlinx.coroutines.TimeoutCancellationException
kotlinx.coroutines.internal.AtomicDesc
kotlinx.coroutines.internal.ClassValueCtorCache$cache$1
kotlinx.coroutines.internal.ClassValueCtorCache
kotlinx.coroutines.internal.CtorCache
kotlinx.coroutines.internal.DispatchedContinuation:
    public java.lang.StackTraceElement getStackTraceElement()
kotlinx.coroutines.internal.ExceptionsConstructorKt$createConstructor$$inlined$sortedByDescending$1
kotlinx.coroutines.internal.ExceptionsConstructorKt$createConstructor$nullResult$1
kotlinx.coroutines.internal.ExceptionsConstructorKt$createSafeConstructor$$inlined$safeCtor$1
kotlinx.coroutines.internal.ExceptionsConstructorKt$createSafeConstructor$$inlined$safeCtor$2
kotlinx.coroutines.internal.ExceptionsConstructorKt$createSafeConstructor$$inlined$safeCtor$3
kotlinx.coroutines.internal.ExceptionsConstructorKt$createSafeConstructor$$inlined$safeCtor$4
kotlinx.coroutines.internal.ExceptionsConstructorKt
kotlinx.coroutines.internal.LockFreeLinkedListNode$AbstractAtomicDesc
kotlinx.coroutines.internal.LockFreeLinkedListNode$PrepareOp:
    public final kotlinx.coroutines.internal.LockFreeLinkedListNode$AbstractAtomicDesc desc
    public final void finishPrepare()
kotlinx.coroutines.internal.ScopeCoroutine:
    public final java.lang.StackTraceElement getStackTraceElement()